<?xml version="1.0" encoding="UTF-8"?>
<!-- Generated by org.testng.reporters.JUnitXMLReporter -->
<testsuite hostname="Olasunkanmis-MacBook-Pro.local" ignored="0" name="Default test" tests="3" failures="0" timestamp="28 May 2018 15:24:12 GMT" time="4.314" errors="0">
  <testcase name="firstTweet" time="2.937" classname="twitter.CompleteTwitterWorkflowTest"/>
  <testcase name="showTweet" time="0.35" classname="twitter.CompleteTwitterWorkflowTest"/>
  <testcase name="deleteTweet" time="0.322" classname="twitter.CompleteTwitterWorkflowTest"/>
</testsuite> <!-- Default test -->
