<?xml version="1.0" encoding="UTF-8"?>
<!-- Generated by org.testng.reporters.JUnitXMLReporter -->
<testsuite hostname="WFMAC22.local" ignored="0" name="Default test" tests="3" failures="0" timestamp="31 May 2018 13:52:36 GMT" time="3.564" errors="0">
  <testcase name="postTweet" time="2.179" classname="com.frameworkBuilder.statuses.TwitterEndtoEndTest"/>
  <testcase name="showTweet" time="0.344" classname="com.frameworkBuilder.statuses.TwitterEndtoEndTest"/>
  <testcase name="deleteTweet" time="0.271" classname="com.frameworkBuilder.statuses.TwitterEndtoEndTest"/>
</testsuite> <!-- Default test -->
