<?xml version="1.0" encoding="UTF-8"?>
<!-- Generated by org.testng.reporters.JUnitXMLReporter -->
<testsuite hostname="WFMAC22.local" ignored="4" name="Test" tests="7" failures="0" timestamp="22 May 2018 15:00:06 GMT" time="4.637" errors="0">
  <testcase name="getRequestBody" time="2.365" classname="basics.GETRequestTest"/>
  <testcase name="postRequest" time="0.738" classname="twitter.PostStatusesTest"/>
  <testcase name="getRequest" time="0.23" classname="basics.POSTRequest2Test"/>
  <testcase name="showTweet" time="0.26" classname="twitter.PostStatusesTest"/>
  <testcase name="deleteTweet" time="0.275" classname="twitter.PostStatusesTest"/>
  <testcase name="getRequestTwo" time="0.18" classname="basics.POSTRequest2Test"/>
  <testcase name="getRequestTwo" time="0.139" classname="basics.POSTRequestTest"/>
  <testcase name="deleteRequest" time="0.0" classname="basics.POSTRequest2Test">
    <ignored/>
  </testcase> <!-- deleteRequest -->
  <testcase name="getRequest" time="0.0" classname="basics.POSTRequestTest">
    <ignored/>
  </testcase> <!-- getRequest -->
  <testcase name="getRequest" time="0.0" classname="basics.GETRequestTest">
    <ignored/>
  </testcase> <!-- getRequest -->
  <testcase name="deleteRequest" time="0.0" classname="basics.POSTRequestTest">
    <ignored/>
  </testcase> <!-- deleteRequest -->
</testsuite> <!-- Test -->
