<?xml version="1.0" encoding="UTF-8"?>
<!-- Generated by org.testng.reporters.JUnitXMLReporter -->
<testsuite hostname="Olasunkanmis-MacBook-Pro.local" ignored="5" name="Test" tests="3" failures="0" timestamp="20 May 2018 04:48:35 GMT" time="2.787" errors="0">
  <testcase name="getRequest" time="1.852" classname="basics.GETRequestTest"/>
  <testcase name="getRequestTwo" time="0.291" classname="basics.POSTRequestTest"/>
  <testcase name="getRequestTwo" time="0.228" classname="basics.POSTRequestTest2"/>
  <testcase name="getRequestBody" time="0.0" classname="basics.GETRequestTest">
    <ignored/>
  </testcase> <!-- getRequestBody -->
  <testcase name="getRequest" time="0.0" classname="basics.POSTRequestTest2">
    <ignored/>
  </testcase> <!-- getRequest -->
  <testcase name="getRequest" time="0.0" classname="basics.POSTRequestTest">
    <ignored/>
  </testcase> <!-- getRequest -->
  <testcase name="deleteRequest" time="0.0" classname="basics.POSTRequestTest">
    <ignored/>
  </testcase> <!-- deleteRequest -->
  <testcase name="deleteRequest" time="0.0" classname="basics.POSTRequestTest2">
    <ignored/>
  </testcase> <!-- deleteRequest -->
</testsuite> <!-- Test -->
