<?xml version="1.0" encoding="UTF-8"?>
<!-- Generated by org.testng.reporters.JUnitXMLReporter -->
<testsuite hostname="WFMAC22.local" ignored="0" name="RestAssured Test" tests="4" failures="0" timestamp="31 May 2018 14:10:03 GMT" time="4.816" errors="0">
  <testcase name="postTweet" time="2.95" classname="com.frameworkBuilder.statuses.TwitterEndtoEndTest"/>
  <testcase name="showTweet" time="0.295" classname="com.frameworkBuilder.statuses.TwitterEndtoEndTest"/>
  <testcase name="deleteTweet" time="0.279" classname="com.frameworkBuilder.statuses.TwitterEndtoEndTest"/>
  <testcase name="readTweetsTest" time="0.471" classname="com.frameworkBuilder.statuses.UserTimelineTest"/>
</testsuite> <!-- RestAssured Test -->
