<?xml version="1.0" encoding="UTF-8"?>
<testng-results skipped="0" failed="0" ignored="0" total="1" passed="1">
  <reporter-output>
  </reporter-output>
  <suite name="Default suite" duration-ms="3382" started-at="2018-05-20T16:12:28Z" finished-at="2018-05-20T16:12:31Z">
    <groups>
    </groups>
    <test name="Default test" duration-ms="3382" started-at="2018-05-20T16:12:28Z" finished-at="2018-05-20T16:12:31Z">
      <class name="twitter.PostStatusesTest">
        <test-method status="PASS" signature="setUp()[pri:0, instance:twitter.PostStatusesTest@6093dd95]" name="setUp" is-config="true" duration-ms="486" started-at="2018-05-20T16:12:28Z" finished-at="2018-05-20T16:12:28Z">
          <reporter-output>
          </reporter-output>
        </test-method> <!-- setUp -->
        <test-method status="PASS" signature="postRequest()[pri:0, instance:twitter.PostStatusesTest@6093dd95]" name="postRequest" duration-ms="2810" started-at="2018-05-20T16:12:28Z" finished-at="2018-05-20T16:12:31Z">
          <reporter-output>
          </reporter-output>
        </test-method> <!-- postRequest -->
      </class> <!-- twitter.PostStatusesTest -->
    </test> <!-- Default test -->
  </suite> <!-- Default suite -->
</testng-results>
